<?xml version="1.0" encoding="UTF-8"?>
<!-- Generated by org.testng.reporters.JUnitXMLReporter -->
<testsuite ignored="0" hostname="LAPTOP-62UUPG9R" failures="6" tests="32" name="Surefire test" time="659.019" errors="0" timestamp="2026-03-04T14:55:07 ICT">
  <testcase classname="automation.tests.LoginTest" name="TC01_validPhone" time="75.864">
    <failure type="org.openqa.selenium.TimeoutException" message="Expected condition failed: waiting for visibility of element located by By.xpath: //*[contains(text(),&amp;apos;Mã xác nhận&amp;apos;)] (tried for 20 second(s) with 500 milliseconds interval)
Build info: version: &amp;apos;4.21.0&amp;apos;, revision: &amp;apos;79ed462ef4&amp;apos;
System info: os.name: &amp;apos;Windows 11&amp;apos;, os.arch: &amp;apos;amd64&amp;apos;, os.version: &amp;apos;10.0&amp;apos;, java.version: &amp;apos;21.0.8&amp;apos;
Driver info: org.openqa.selenium.chrome.ChromeDriver
Capabilities {acceptInsecureCerts: false, browserName: chrome, browserVersion: 145.0.7632.119, chrome: {chromedriverVersion: 145.0.7632.117 (de4e5d6e13b..., userDataDir: C:\Users\QUOCHU~1\AppData\L...}, fedcm:accounts: true, goog:chromeOptions: {debuggerAddress: localhost:57831}, goog:processID: 20400, networkConnectionEnabled: false, pageLoadStrategy: normal, platformName: windows, proxy: Proxy(), se:cdp: ws://localhost:57831/devtoo..., se:cdpVersion: 145.0.7632.119, setWindowRect: true, strictFileInteractability: false, timeouts: {implicit: 0, pageLoad: 300000, script: 30000}, unhandledPromptBehavior: dismiss and notify, webauthn:extension:credBlob: true, webauthn:extension:largeBlob: true, webauthn:extension:minPinLength: true, webauthn:extension:prf: true, webauthn:virtualAuthenticators: true}
Session ID: 891d7e411b05132320cc4112096bca42">
      <![CDATA[org.openqa.selenium.TimeoutException: Expected condition failed: waiting for visibility of element located by By.xpath: //*[contains(text(),'Mã xác nhận')] (tried for 20 second(s) with 500 milliseconds interval)
Build info: version: '4.21.0', revision: '79ed462ef4'
System info: os.name: 'Windows 11', os.arch: 'amd64', os.version: '10.0', java.version: '21.0.8'
Driver info: org.openqa.selenium.chrome.ChromeDriver
Capabilities {acceptInsecureCerts: false, browserName: chrome, browserVersion: 145.0.7632.119, chrome: {chromedriverVersion: 145.0.7632.117 (de4e5d6e13b..., userDataDir: C:\Users\QUOCHU~1\AppData\L...}, fedcm:accounts: true, goog:chromeOptions: {debuggerAddress: localhost:57831}, goog:processID: 20400, networkConnectionEnabled: false, pageLoadStrategy: normal, platformName: windows, proxy: Proxy(), se:cdp: ws://localhost:57831/devtoo..., se:cdpVersion: 145.0.7632.119, setWindowRect: true, strictFileInteractability: false, timeouts: {implicit: 0, pageLoad: 300000, script: 30000}, unhandledPromptBehavior: dismiss and notify, webauthn:extension:credBlob: true, webauthn:extension:largeBlob: true, webauthn:extension:minPinLength: true, webauthn:extension:prf: true, webauthn:virtualAuthenticators: true}
Session ID: 891d7e411b05132320cc4112096bca42
at org.openqa.selenium.support.ui.WebDriverWait.timeoutException(WebDriverWait.java:84)
at org.openqa.selenium.support.ui.FluentWait.until(FluentWait.java:228)
at automation.pages.LoginPage.getOtpMessage(LoginPage.java:70)
at automation.tests.LoginTest.TC01_validPhone(LoginTest.java:21)
at java.base/java.util.ArrayList.forEach(ArrayList.java:1596)
... Removed 30 stack frames]]>
    </failure>
  </testcase> <!-- TC01_validPhone -->
  <testcase classname="automation.tests.LoginTest" name="TC02_lessThan10Digits" time="20.328">
    <failure type="org.openqa.selenium.NoSuchSessionException" message="invalid session id: session deleted as the browser has closed the connection
from disconnected: not connected to DevTools
  (Session info: chrome=145.0.7632.119)
Build info: version: &amp;apos;4.21.0&amp;apos;, revision: &amp;apos;79ed462ef4&amp;apos;
System info: os.name: &amp;apos;Windows 11&amp;apos;, os.arch: &amp;apos;amd64&amp;apos;, os.version: &amp;apos;10.0&amp;apos;, java.version: &amp;apos;21.0.8&amp;apos;
Driver info: org.openqa.selenium.chrome.ChromeDriver
Command: [299b59e69d1b107a6c4e286dc3377869, findElement {using=css selector, value=a[href=&amp;apos;/lich-su-mua-hang&amp;apos;]}]
Capabilities {acceptInsecureCerts: false, browserName: chrome, browserVersion: 145.0.7632.119, chrome: {chromedriverVersion: 145.0.7632.117 (de4e5d6e13b..., userDataDir: C:\Users\QUOCHU~1\AppData\L...}, fedcm:accounts: true, goog:chromeOptions: {debuggerAddress: localhost:63741}, goog:processID: 12852, networkConnectionEnabled: false, pageLoadStrategy: normal, platformName: windows, proxy: Proxy(), se:cdp: ws://localhost:63741/devtoo..., se:cdpVersion: 145.0.7632.119, setWindowRect: true, strictFileInteractability: false, timeouts: {implicit: 0, pageLoad: 300000, script: 30000}, unhandledPromptBehavior: dismiss and notify, webauthn:extension:credBlob: true, webauthn:extension:largeBlob: true, webauthn:extension:minPinLength: true, webauthn:extension:prf: true, webauthn:virtualAuthenticators: true}
Session ID: 299b59e69d1b107a6c4e286dc3377869">
      <![CDATA[org.openqa.selenium.NoSuchSessionException: invalid session id: session deleted as the browser has closed the connection
from disconnected: not connected to DevTools
  (Session info: chrome=145.0.7632.119)
Build info: version: '4.21.0', revision: '79ed462ef4'
System info: os.name: 'Windows 11', os.arch: 'amd64', os.version: '10.0', java.version: '21.0.8'
Driver info: org.openqa.selenium.chrome.ChromeDriver
Command: [299b59e69d1b107a6c4e286dc3377869, findElement {using=css selector, value=a[href='/lich-su-mua-hang']}]
Capabilities {acceptInsecureCerts: false, browserName: chrome, browserVersion: 145.0.7632.119, chrome: {chromedriverVersion: 145.0.7632.117 (de4e5d6e13b..., userDataDir: C:\Users\QUOCHU~1\AppData\L...}, fedcm:accounts: true, goog:chromeOptions: {debuggerAddress: localhost:63741}, goog:processID: 12852, networkConnectionEnabled: false, pageLoadStrategy: normal, platformName: windows, proxy: Proxy(), se:cdp: ws://localhost:63741/devtoo..., se:cdpVersion: 145.0.7632.119, setWindowRect: true, strictFileInteractability: false, timeouts: {implicit: 0, pageLoad: 300000, script: 30000}, unhandledPromptBehavior: dismiss and notify, webauthn:extension:credBlob: true, webauthn:extension:largeBlob: true, webauthn:extension:minPinLength: true, webauthn:extension:prf: true, webauthn:virtualAuthenticators: true}
Session ID: 299b59e69d1b107a6c4e286dc3377869
at org.openqa.selenium.remote.ErrorCodec.decode(ErrorCodec.java:167)
at org.openqa.selenium.remote.codec.w3c.W3CHttpResponseCodec.decode(W3CHttpResponseCodec.java:138)
at org.openqa.selenium.remote.codec.w3c.W3CHttpResponseCodec.decode(W3CHttpResponseCodec.java:50)
at org.openqa.selenium.remote.HttpCommandExecutor.execute(HttpCommandExecutor.java:190)
at org.openqa.selenium.remote.service.DriverCommandExecutor.invokeExecute(DriverCommandExecutor.java:216)
at org.openqa.selenium.remote.service.DriverCommandExecutor.execute(DriverCommandExecutor.java:174)
at org.openqa.selenium.remote.RemoteWebDriver.execute(RemoteWebDriver.java:518)
at org.openqa.selenium.remote.ElementLocation$ElementFinder$2.findElement(ElementLocation.java:165)
at org.openqa.selenium.remote.ElementLocation.findElement(ElementLocation.java:59)
at org.openqa.selenium.remote.RemoteWebDriver.findElement(RemoteWebDriver.java:355)
at org.openqa.selenium.remote.RemoteWebDriver.findElement(RemoteWebDriver.java:349)
at org.openqa.selenium.support.ui.ExpectedConditions$7.apply(ExpectedConditions.java:194)
at org.openqa.selenium.support.ui.ExpectedConditions$7.apply(ExpectedConditions.java:190)
at org.openqa.selenium.support.ui.ExpectedConditions$22.apply(ExpectedConditions.java:627)
at org.openqa.selenium.support.ui.ExpectedConditions$22.apply(ExpectedConditions.java:624)
at org.openqa.selenium.support.ui.FluentWait.until(FluentWait.java:203)
at automation.pages.LoginPage.clickLogin(LoginPage.java:48)
at automation.tests.LoginTest.TC02_lessThan10Digits(LoginTest.java:32)
at java.base/java.util.ArrayList.forEach(ArrayList.java:1596)
... Removed 33 stack frames]]>
    </failure>
  </testcase> <!-- TC02_lessThan10Digits -->
  <testcase classname="automation.tests.LoginTest" name="TC03_containsLetter" time="47.597">
    <failure type="org.openqa.selenium.TimeoutException" message="Expected condition failed: waiting for visibility of element located by By.xpath: //*[contains(text(),&amp;apos;Số điện thoại&amp;apos;) or contains(text(),&amp;apos;Vui lòng&amp;apos;)] (tried for 20 second(s) with 500 milliseconds interval)
Build info: version: &amp;apos;4.21.0&amp;apos;, revision: &amp;apos;79ed462ef4&amp;apos;
System info: os.name: &amp;apos;Windows 11&amp;apos;, os.arch: &amp;apos;amd64&amp;apos;, os.version: &amp;apos;10.0&amp;apos;, java.version: &amp;apos;21.0.8&amp;apos;
Driver info: org.openqa.selenium.chrome.ChromeDriver
Capabilities {acceptInsecureCerts: false, browserName: chrome, browserVersion: 145.0.7632.119, chrome: {chromedriverVersion: 145.0.7632.117 (de4e5d6e13b..., userDataDir: C:\Users\QUOCHU~1\AppData\L...}, fedcm:accounts: true, goog:chromeOptions: {debuggerAddress: localhost:50296}, goog:processID: 22956, networkConnectionEnabled: false, pageLoadStrategy: normal, platformName: windows, proxy: Proxy(), se:cdp: ws://localhost:50296/devtoo..., se:cdpVersion: 145.0.7632.119, setWindowRect: true, strictFileInteractability: false, timeouts: {implicit: 0, pageLoad: 300000, script: 30000}, unhandledPromptBehavior: dismiss and notify, webauthn:extension:credBlob: true, webauthn:extension:largeBlob: true, webauthn:extension:minPinLength: true, webauthn:extension:prf: true, webauthn:virtualAuthenticators: true}
Session ID: cc9d4e9f109d9fb135fdd9ec51ac00ee">
      <![CDATA[org.openqa.selenium.TimeoutException: Expected condition failed: waiting for visibility of element located by By.xpath: //*[contains(text(),'Số điện thoại') or contains(text(),'Vui lòng')] (tried for 20 second(s) with 500 milliseconds interval)
Build info: version: '4.21.0', revision: '79ed462ef4'
System info: os.name: 'Windows 11', os.arch: 'amd64', os.version: '10.0', java.version: '21.0.8'
Driver info: org.openqa.selenium.chrome.ChromeDriver
Capabilities {acceptInsecureCerts: false, browserName: chrome, browserVersion: 145.0.7632.119, chrome: {chromedriverVersion: 145.0.7632.117 (de4e5d6e13b..., userDataDir: C:\Users\QUOCHU~1\AppData\L...}, fedcm:accounts: true, goog:chromeOptions: {debuggerAddress: localhost:50296}, goog:processID: 22956, networkConnectionEnabled: false, pageLoadStrategy: normal, platformName: windows, proxy: Proxy(), se:cdp: ws://localhost:50296/devtoo..., se:cdpVersion: 145.0.7632.119, setWindowRect: true, strictFileInteractability: false, timeouts: {implicit: 0, pageLoad: 300000, script: 30000}, unhandledPromptBehavior: dismiss and notify, webauthn:extension:credBlob: true, webauthn:extension:largeBlob: true, webauthn:extension:minPinLength: true, webauthn:extension:prf: true, webauthn:virtualAuthenticators: true}
Session ID: cc9d4e9f109d9fb135fdd9ec51ac00ee
at org.openqa.selenium.support.ui.WebDriverWait.timeoutException(WebDriverWait.java:84)
at org.openqa.selenium.support.ui.FluentWait.until(FluentWait.java:228)
at automation.pages.LoginPage.getErrorMessage(LoginPage.java:64)
at automation.tests.LoginTest.TC03_containsLetter(LoginTest.java:51)
at java.base/java.util.ArrayList.forEach(ArrayList.java:1596)
... Removed 30 stack frames]]>
    </failure>
  </testcase> <!-- TC03_containsLetter -->
  <testcase classname="automation.tests.LoginTest" name="TC04_emptyPhone" time="51.988">
    <failure type="org.openqa.selenium.TimeoutException" message="Expected condition failed: waiting for visibility of element located by By.xpath: //*[contains(text(),&amp;apos;Số điện thoại&amp;apos;) or contains(text(),&amp;apos;Vui lòng&amp;apos;)] (tried for 20 second(s) with 500 milliseconds interval)
Build info: version: &amp;apos;4.21.0&amp;apos;, revision: &amp;apos;79ed462ef4&amp;apos;
System info: os.name: &amp;apos;Windows 11&amp;apos;, os.arch: &amp;apos;amd64&amp;apos;, os.version: &amp;apos;10.0&amp;apos;, java.version: &amp;apos;21.0.8&amp;apos;
Driver info: org.openqa.selenium.chrome.ChromeDriver
Capabilities {acceptInsecureCerts: false, browserName: chrome, browserVersion: 145.0.7632.119, chrome: {chromedriverVersion: 145.0.7632.117 (de4e5d6e13b..., userDataDir: C:\Users\QUOCHU~1\AppData\L...}, fedcm:accounts: true, goog:chromeOptions: {debuggerAddress: localhost:57127}, goog:processID: 17004, networkConnectionEnabled: false, pageLoadStrategy: normal, platformName: windows, proxy: Proxy(), se:cdp: ws://localhost:57127/devtoo..., se:cdpVersion: 145.0.7632.119, setWindowRect: true, strictFileInteractability: false, timeouts: {implicit: 0, pageLoad: 300000, script: 30000}, unhandledPromptBehavior: dismiss and notify, webauthn:extension:credBlob: true, webauthn:extension:largeBlob: true, webauthn:extension:minPinLength: true, webauthn:extension:prf: true, webauthn:virtualAuthenticators: true}
Session ID: 17f1323835084f641b5a2c2840fae690">
      <![CDATA[org.openqa.selenium.TimeoutException: Expected condition failed: waiting for visibility of element located by By.xpath: //*[contains(text(),'Số điện thoại') or contains(text(),'Vui lòng')] (tried for 20 second(s) with 500 milliseconds interval)
Build info: version: '4.21.0', revision: '79ed462ef4'
System info: os.name: 'Windows 11', os.arch: 'amd64', os.version: '10.0', java.version: '21.0.8'
Driver info: org.openqa.selenium.chrome.ChromeDriver
Capabilities {acceptInsecureCerts: false, browserName: chrome, browserVersion: 145.0.7632.119, chrome: {chromedriverVersion: 145.0.7632.117 (de4e5d6e13b..., userDataDir: C:\Users\QUOCHU~1\AppData\L...}, fedcm:accounts: true, goog:chromeOptions: {debuggerAddress: localhost:57127}, goog:processID: 17004, networkConnectionEnabled: false, pageLoadStrategy: normal, platformName: windows, proxy: Proxy(), se:cdp: ws://localhost:57127/devtoo..., se:cdpVersion: 145.0.7632.119, setWindowRect: true, strictFileInteractability: false, timeouts: {implicit: 0, pageLoad: 300000, script: 30000}, unhandledPromptBehavior: dismiss and notify, webauthn:extension:credBlob: true, webauthn:extension:largeBlob: true, webauthn:extension:minPinLength: true, webauthn:extension:prf: true, webauthn:virtualAuthenticators: true}
Session ID: 17f1323835084f641b5a2c2840fae690
at org.openqa.selenium.support.ui.WebDriverWait.timeoutException(WebDriverWait.java:84)
at org.openqa.selenium.support.ui.FluentWait.until(FluentWait.java:228)
at automation.pages.LoginPage.getErrorMessage(LoginPage.java:64)
at automation.tests.LoginTest.TC04_emptyPhone(LoginTest.java:66)
at java.base/java.util.ArrayList.forEach(ArrayList.java:1596)
... Removed 30 stack frames]]>
    </failure>
  </testcase> <!-- TC04_emptyPhone -->
  <testcase classname="automation.tests.LoginTest" name="TC05_specialCharacter" time="51.508">
    <failure type="org.openqa.selenium.TimeoutException" message="Expected condition failed: waiting for visibility of element located by By.xpath: //*[contains(text(),&amp;apos;Số điện thoại&amp;apos;) or contains(text(),&amp;apos;Vui lòng&amp;apos;)] (tried for 20 second(s) with 500 milliseconds interval)
Build info: version: &amp;apos;4.21.0&amp;apos;, revision: &amp;apos;79ed462ef4&amp;apos;
System info: os.name: &amp;apos;Windows 11&amp;apos;, os.arch: &amp;apos;amd64&amp;apos;, os.version: &amp;apos;10.0&amp;apos;, java.version: &amp;apos;21.0.8&amp;apos;
Driver info: org.openqa.selenium.chrome.ChromeDriver
Capabilities {acceptInsecureCerts: false, browserName: chrome, browserVersion: 145.0.7632.119, chrome: {chromedriverVersion: 145.0.7632.117 (de4e5d6e13b..., userDataDir: C:\Users\QUOCHU~1\AppData\L...}, fedcm:accounts: true, goog:chromeOptions: {debuggerAddress: localhost:59134}, goog:processID: 22244, networkConnectionEnabled: false, pageLoadStrategy: normal, platformName: windows, proxy: Proxy(), se:cdp: ws://localhost:59134/devtoo..., se:cdpVersion: 145.0.7632.119, setWindowRect: true, strictFileInteractability: false, timeouts: {implicit: 0, pageLoad: 300000, script: 30000}, unhandledPromptBehavior: dismiss and notify, webauthn:extension:credBlob: true, webauthn:extension:largeBlob: true, webauthn:extension:minPinLength: true, webauthn:extension:prf: true, webauthn:virtualAuthenticators: true}
Session ID: 61708041f908172615a69923b6292665">
      <![CDATA[org.openqa.selenium.TimeoutException: Expected condition failed: waiting for visibility of element located by By.xpath: //*[contains(text(),'Số điện thoại') or contains(text(),'Vui lòng')] (tried for 20 second(s) with 500 milliseconds interval)
Build info: version: '4.21.0', revision: '79ed462ef4'
System info: os.name: 'Windows 11', os.arch: 'amd64', os.version: '10.0', java.version: '21.0.8'
Driver info: org.openqa.selenium.chrome.ChromeDriver
Capabilities {acceptInsecureCerts: false, browserName: chrome, browserVersion: 145.0.7632.119, chrome: {chromedriverVersion: 145.0.7632.117 (de4e5d6e13b..., userDataDir: C:\Users\QUOCHU~1\AppData\L...}, fedcm:accounts: true, goog:chromeOptions: {debuggerAddress: localhost:59134}, goog:processID: 22244, networkConnectionEnabled: false, pageLoadStrategy: normal, platformName: windows, proxy: Proxy(), se:cdp: ws://localhost:59134/devtoo..., se:cdpVersion: 145.0.7632.119, setWindowRect: true, strictFileInteractability: false, timeouts: {implicit: 0, pageLoad: 300000, script: 30000}, unhandledPromptBehavior: dismiss and notify, webauthn:extension:credBlob: true, webauthn:extension:largeBlob: true, webauthn:extension:minPinLength: true, webauthn:extension:prf: true, webauthn:virtualAuthenticators: true}
Session ID: 61708041f908172615a69923b6292665
at org.openqa.selenium.support.ui.WebDriverWait.timeoutException(WebDriverWait.java:84)
at org.openqa.selenium.support.ui.FluentWait.until(FluentWait.java:228)
at automation.pages.LoginPage.getErrorMessage(LoginPage.java:64)
at automation.tests.LoginTest.TC05_specialCharacter(LoginTest.java:81)
at java.base/java.util.ArrayList.forEach(ArrayList.java:1596)
... Removed 30 stack frames]]>
    </failure>
  </testcase> <!-- TC05_specialCharacter -->
  <testcase classname="bida.shop.dao.DoUongDAOTest" name="testDeleteSelectedEmptyList" time="2.384"/>
  <testcase classname="bida.shop.dao.DoUongDAOTest" name="testDeleteSelectedNotFound" time="0.402"/>
  <testcase classname="bida.shop.dao.DoUongDAOTest" name="testDeleteSelectedSuccess" time="0.016"/>
  <testcase classname="bida.shop.dao.DoUongDAOTest" name="testSelectAllDbError" time="349.213"/>
  <testcase classname="bida.shop.dao.DoUongDAOTest" name="testSelectAllEmpty" time="0.012"/>
  <testcase classname="bida.shop.dao.DoUongDAOTest" name="testSelectAllWithData" time="0.164"/>
  <testcase classname="bida.shop.dao.DoUongDAOTest" name="testTruSoLuongAm" time="0.053"/>
  <testcase classname="bida.shop.dao.DoUongDAOTest" name="testTruSoLuongDu" time="0.045"/>
  <testcase classname="bida.shop.dao.DoUongDAOTest" name="testTruSoLuongKhongDu" time="0.029"/>
  <testcase classname="bida.shop.dao.LichSuGiaGioChoiDAOTest" name="testDeleteInvalidId" time="0.027"/>
  <testcase classname="bida.shop.dao.LichSuGiaGioChoiDAOTest" name="testDeleteNotFound" time="0.007"/>
  <testcase classname="bida.shop.dao.LichSuGiaGioChoiDAOTest" name="testDeleteSuccess" time="0.015"/>
  <testcase classname="bida.shop.dao.LichSuGiaGioChoiDAOTest" name="testInsertDuplicateKey" time="0.029"/>
  <testcase classname="bida.shop.dao.LichSuGiaGioChoiDAOTest" name="testInsertNullField" time="0.565"/>
  <testcase classname="bida.shop.dao.LichSuGiaGioChoiDAOTest" name="testInsertSuccess" time="0.009"/>
  <testcase classname="bida.shop.dao.LichSuGiaGioChoiDAOTest" name="testUpdateInvalidData" time="0.103"/>
  <testcase classname="bida.shop.dao.LichSuGiaGioChoiDAOTest" name="testUpdateNotFound" time="0.01">
    <failure type="org.testng.TestException" message="
Method LichSuGiaGioChoiDAOTest.testUpdateNotFound()[pri:0, instance:bida.shop.dao.LichSuGiaGioChoiDAOTest@36c88a32] should have thrown an exception of type class java.lang.RuntimeException">
      <![CDATA[org.testng.TestException: 
Method LichSuGiaGioChoiDAOTest.testUpdateNotFound()[pri:0, instance:bida.shop.dao.LichSuGiaGioChoiDAOTest@36c88a32] should have thrown an exception of type class java.lang.RuntimeException
at java.base/java.util.ArrayList.forEach(ArrayList.java:1596)
... Removed 29 stack frames]]>
    </failure>
  </testcase> <!-- testUpdateNotFound -->
  <testcase classname="bida.shop.dao.LichSuGiaGioChoiDAOTest" name="testUpdateSuccess" time="0.006"/>
  <testcase classname="bida.shop.dao.NhanVienDAOTest" name="testDeleteSuccess" time="0.017"/>
  <testcase classname="bida.shop.dao.NhanVienDAOTest" name="testExistsByUsernameFalse" time="0.015"/>
  <testcase classname="bida.shop.dao.NhanVienDAOTest" name="testExistsByUsernameTrue" time="0.011"/>
  <testcase classname="bida.shop.dao.NhanVienDAOTest" name="testFindByUsernameFound" time="0.015"/>
  <testcase classname="bida.shop.dao.NhanVienDAOTest" name="testFindByUsernameNotFound" time="0.013"/>
  <testcase classname="bida.shop.dao.NhanVienDAOTest" name="testInsertFail" time="0.006"/>
  <testcase classname="bida.shop.dao.NhanVienDAOTest" name="testInsertSuccess" time="0.013"/>
  <testcase classname="bida.shop.dao.NhanVienDAOTest" name="testUpdateFail" time="0.013"/>
  <testcase classname="bida.shop.dao.NhanVienDAOTest" name="testUpdateSuccess" time="0.012"/>
</testsuite> <!-- Surefire test -->
