<?xml version="1.0" encoding="UTF-8"?>
<!-- Generated by org.testng.reporters.JUnitReportReporter -->
<testsuite hostname="LAPTOP-62UUPG9R" failures="0" tests="9" name="bida.shop.dao.DoUongDAOTest" time="359.717" errors="0" timestamp="2026-03-04T14:55:08 ICT" skipped="0">
  <testcase classname="bida.shop.dao.DoUongDAOTest" name="testTruSoLuongAm" time="0.053"/>
  <system-out/>
  <testcase classname="bida.shop.dao.DoUongDAOTest" name="testDeleteSelectedNotFound" time="7.756"/>
  <system-out/>
  <testcase classname="bida.shop.dao.DoUongDAOTest" name="testTruSoLuongKhongDu" time="0.031"/>
  <system-out/>
  <testcase classname="bida.shop.dao.DoUongDAOTest" name="testTruSoLuongDu" time="0.051"/>
  <system-out/>
  <testcase classname="bida.shop.dao.DoUongDAOTest" name="testSelectAllWithData" time="0.168"/>
  <system-out/>
  <testcase classname="bida.shop.dao.DoUongDAOTest" name="testDeleteSelectedEmptyList" time="2.401"/>
  <system-out/>
  <testcase classname="bida.shop.dao.DoUongDAOTest" name="testSelectAllDbError" time="349.219"/>
  <system-out/>
  <testcase classname="bida.shop.dao.DoUongDAOTest" name="testSelectAllEmpty" time="0.020"/>
  <system-out/>
  <testcase classname="bida.shop.dao.DoUongDAOTest" name="testDeleteSelectedSuccess" time="0.018"/>
  <system-out/>
</testsuite> <!-- bida.shop.dao.DoUongDAOTest -->
