<?xml version="1.0" encoding="UTF-8"?>
<!-- Generated by org.testng.reporters.JUnitReportReporter -->
<testsuite hostname="LAPTOP-62UUPG9R" failures="0" tests="9" name="bida.shop.dao.NhanVienDAOTest" time="0.115" errors="0" timestamp="2026-03-04T14:55:08 ICT" skipped="0">
  <testcase classname="bida.shop.dao.NhanVienDAOTest" name="testFindByUsernameFound" time="0.015"/>
  <system-out/>
  <testcase classname="bida.shop.dao.NhanVienDAOTest" name="testExistsByUsernameTrue" time="0.011"/>
  <system-out/>
  <testcase classname="bida.shop.dao.NhanVienDAOTest" name="testInsertSuccess" time="0.013"/>
  <system-out/>
  <testcase classname="bida.shop.dao.NhanVienDAOTest" name="testInsertFail" time="0.006"/>
  <system-out/>
  <testcase classname="bida.shop.dao.NhanVienDAOTest" name="testExistsByUsernameFalse" time="0.015"/>
  <system-out/>
  <testcase classname="bida.shop.dao.NhanVienDAOTest" name="testUpdateFail" time="0.013"/>
  <system-out/>
  <testcase classname="bida.shop.dao.NhanVienDAOTest" name="testFindByUsernameNotFound" time="0.013"/>
  <system-out/>
  <testcase classname="bida.shop.dao.NhanVienDAOTest" name="testUpdateSuccess" time="0.012"/>
  <system-out/>
  <testcase classname="bida.shop.dao.NhanVienDAOTest" name="testDeleteSuccess" time="0.017"/>
  <system-out/>
</testsuite> <!-- bida.shop.dao.NhanVienDAOTest -->
