<?xml version="1.0" encoding="UTF-8"?>
<!-- Generated by org.testng.reporters.JUnitReportReporter -->
<testsuite hostname="LAPTOP-62UUPG9R" failures="0" tests="9" name="bida.shop.dao.LichSuGiaGioChoiDAOTest" time="2.198" errors="1" timestamp="2026-03-18T16:28:42 ICT" skipped="0">
  <testcase classname="bida.shop.dao.LichSuGiaGioChoiDAOTest" name="testDeleteNotFound" time="0.011"/>
  <system-out/>
  <testcase classname="bida.shop.dao.LichSuGiaGioChoiDAOTest" name="testDeleteInvalidId" time="1.462"/>
  <system-out/>
  <testcase classname="bida.shop.dao.LichSuGiaGioChoiDAOTest" name="testInsertDuplicateKey" time="0.006"/>
  <system-out/>
  <testcase classname="bida.shop.dao.LichSuGiaGioChoiDAOTest" name="testInsertNullField" time="0.664"/>
  <system-out/>
  <testcase classname="bida.shop.dao.LichSuGiaGioChoiDAOTest" name="testUpdateInvalidData" time="0.031"/>
  <system-out/>
  <testcase classname="bida.shop.dao.LichSuGiaGioChoiDAOTest" name="testDeleteSuccess" time="0.004"/>
  <system-out/>
  <testcase classname="bida.shop.dao.LichSuGiaGioChoiDAOTest" name="testUpdateSuccess" time="0.011"/>
  <system-out/>
  <testcase classname="bida.shop.dao.LichSuGiaGioChoiDAOTest" name="testInsertSuccess" time="0.005"/>
  <system-out/>
  <testcase classname="bida.shop.dao.LichSuGiaGioChoiDAOTest" name="testUpdateNotFound" time="0.004">
    <error message="
Method LichSuGiaGioChoiDAOTest.testUpdateNotFound()[pri:0, instance:bida.shop.dao.LichSuGiaGioChoiDAOTest@7d8995e] should have thrown an exception of type class java.lang.RuntimeException" type="org.testng.TestException">
      <![CDATA[org.testng.TestException: 
Method LichSuGiaGioChoiDAOTest.testUpdateNotFound()[pri:0, instance:bida.shop.dao.LichSuGiaGioChoiDAOTest@7d8995e] should have thrown an exception of type class java.lang.RuntimeException
at org.testng.internal.invokers.ExpectedExceptionsHolder.noException(ExpectedExceptionsHolder.java:81)
at org.testng.internal.invokers.TestInvoker.considerExceptions(TestInvoker.java:873)
at org.testng.internal.invokers.TestInvoker.invokeMethod(TestInvoker.java:731)
at org.testng.internal.invokers.TestInvoker.invokeTestMethod(TestInvoker.java:221)
at org.testng.internal.invokers.MethodRunner.runInSequence(MethodRunner.java:50)
at org.testng.internal.invokers.TestInvoker$MethodInvocationAgent.invoke(TestInvoker.java:969)
at org.testng.internal.invokers.TestInvoker.invokeTestMethods(TestInvoker.java:194)
at org.testng.internal.invokers.TestMethodWorker.invokeTestMethods(TestMethodWorker.java:148)
at org.testng.internal.invokers.TestMethodWorker.run(TestMethodWorker.java:128)
at java.base/java.util.ArrayList.forEach(ArrayList.java:1596)
at org.testng.TestRunner.privateRun(TestRunner.java:829)
at org.testng.TestRunner.run(TestRunner.java:602)
at org.testng.SuiteRunner.runTest(SuiteRunner.java:437)
at org.testng.SuiteRunner.runSequentially(SuiteRunner.java:431)
at org.testng.SuiteRunner.privateRun(SuiteRunner.java:391)
at org.testng.SuiteRunner.run(SuiteRunner.java:330)
at org.testng.SuiteRunnerWorker.runSuite(SuiteRunnerWorker.java:52)
at org.testng.SuiteRunnerWorker.run(SuiteRunnerWorker.java:95)
at org.testng.TestNG.runSuitesSequentially(TestNG.java:1256)
at org.testng.TestNG.runSuitesLocally(TestNG.java:1176)
at org.testng.TestNG.runSuites(TestNG.java:1099)
at org.testng.TestNG.run(TestNG.java:1067)
at org.testng.remote.AbstractRemoteTestNG.run(AbstractRemoteTestNG.java:115)
at org.testng.remote.RemoteTestNG.initAndRun(RemoteTestNG.java:293)
at org.testng.remote.RemoteTestNG.main(RemoteTestNG.java:91)
]]>
    </error>
  </testcase> <!-- testUpdateNotFound -->
  <system-out/>
</testsuite> <!-- bida.shop.dao.LichSuGiaGioChoiDAOTest -->
