<?xml version="1.0" encoding="UTF-8"?>
<!-- Generated by org.testng.reporters.JUnitReportReporter -->
<testsuite hostname="LAPTOP-62UUPG9R" failures="0" tests="9" name="bida.shop.dao.NhanVienDAOTest" time="1.375" errors="0" timestamp="2026-03-18T16:28:59 ICT" skipped="0">
  <testcase classname="bida.shop.dao.NhanVienDAOTest" name="testFindByUsernameNotFound" time="0.004"/>
  <system-out/>
  <testcase classname="bida.shop.dao.NhanVienDAOTest" name="testInsertSuccess" time="0.006"/>
  <system-out/>
  <testcase classname="bida.shop.dao.NhanVienDAOTest" name="testExistsByUsernameFalse" time="0.135"/>
  <system-out/>
  <testcase classname="bida.shop.dao.NhanVienDAOTest" name="testInsertFail" time="0.007"/>
  <system-out/>
  <testcase classname="bida.shop.dao.NhanVienDAOTest" name="testExistsByUsernameTrue" time="0.004"/>
  <system-out/>
  <testcase classname="bida.shop.dao.NhanVienDAOTest" name="testUpdateSuccess" time="0.005"/>
  <system-out/>
  <testcase classname="bida.shop.dao.NhanVienDAOTest" name="testDeleteSuccess" time="1.201"/>
  <system-out/>
  <testcase classname="bida.shop.dao.NhanVienDAOTest" name="testFindByUsernameFound" time="0.009"/>
  <system-out/>
  <testcase classname="bida.shop.dao.NhanVienDAOTest" name="testUpdateFail" time="0.004"/>
  <system-out/>
</testsuite> <!-- bida.shop.dao.NhanVienDAOTest -->
